<?xml version="1.0" encoding="UTF-8"?>
<testng-results ignored="0" total="1" passed="1" failed="0" skipped="0">
  <reporter-output>
  </reporter-output>
  <suite started-at="2021-03-15T17:48:27 BRT" name="Default suite" finished-at="2021-03-15T17:48:38 BRT" duration-ms="11380">
    <groups>
    </groups>
    <test started-at="2021-03-15T17:48:27 BRT" name="Default test" finished-at="2021-03-15T17:48:38 BRT" duration-ms="11380">
      <class name="br.com.oatsolutions.selenium.demo.NewTest">
        <test-method is-config="true" signature="beforeSuite()[pri:0, instance:br.com.oatsolutions.selenium.demo.NewTest@65b3f4a4]" started-at="2021-03-15T17:48:25 BRT" name="beforeSuite" finished-at="2021-03-15T17:48:27 BRT" duration-ms="1309" status="PASS">
          <reporter-output>
          </reporter-output>
        </test-method> <!-- beforeSuite -->
        <test-method signature="locateWebsite()[pri:0, instance:br.com.oatsolutions.selenium.demo.NewTest@65b3f4a4]" started-at="2021-03-15T17:48:27 BRT" name="locateWebsite" finished-at="2021-03-15T17:48:38 BRT" duration-ms="11367" status="PASS">
          <reporter-output>
          </reporter-output>
        </test-method> <!-- locateWebsite -->
        <test-method is-config="true" signature="afterSuite()[pri:0, instance:br.com.oatsolutions.selenium.demo.NewTest@65b3f4a4]" started-at="2021-03-15T17:48:38 BRT" name="afterSuite" finished-at="2021-03-15T17:48:42 BRT" duration-ms="4122" status="PASS">
          <reporter-output>
          </reporter-output>
        </test-method> <!-- afterSuite -->
      </class> <!-- br.com.oatsolutions.selenium.demo.NewTest -->
    </test> <!-- Default test -->
  </suite> <!-- Default suite -->
</testng-results>
